2023-02-05 23:59:36:5936 [37mdebug[39m: [37mServer is running on port[39m
2023-02-06 00:01:30:130 [37mdebug[39m: [37mServer is running on port[39m
2023-02-06 00:02:20:220 [37mdebug[39m: [37mServer is running on port[39m
2023-02-06 00:02:41:241 [31merror[39m: [31mThis is an error log[39m
2023-02-06 00:02:41:241 [33mwarn[39m: [33mThis is a warn log[39m
2023-02-06 00:02:41:241 [32minfo[39m: [32mThis is a info log[39m
2023-02-06 00:02:41:241 [35mhttp[39m: [35mThis is a http log[39m
2023-02-06 00:02:41:241 [37mdebug[39m: [37mThis is a debug log[39m
2023-02-06 00:02:41:241 [35mhttp[39m: [35mGET /logger 200 11 - 6.200 ms[39m
[35m[39m
2023-02-06 00:02:42:242 [35mhttp[39m: [35mGET /favicon.ico 404 150 - 1.385 ms[39m
[35m[39m
2023-02-06 00:03:03:33 [35mhttp[39m: [35mGET /ping 200 18 - 0.774 ms[39m
[35m[39m
2023-02-06 00:04:31:431 [37mdebug[39m: [37mServer is running on port[39m
2023-02-06 00:04:36:436 [35mhttp[39m: [35mGET /ping 304 - - 2.400 ms[39m
[35m[39m
2023-02-06 00:04:50:450 [31merror[39m: [31mThis is an error log[39m
2023-02-06 00:04:50:450 [33mwarn[39m: [33mThis is a warn log[39m
2023-02-06 00:04:50:450 [32minfo[39m: [32mThis is a info log[39m
2023-02-06 00:04:50:450 [35mhttp[39m: [35mThis is a http log[39m
2023-02-06 00:04:50:450 [37mdebug[39m: [37mThis is a debug log[39m
2023-02-06 00:04:50:450 [35mhttp[39m: [35mGET /logger 304 - - 2.558 ms[39m
[35m[39m
2023-02-06 00:05:34:534 [37mdebug[39m: [37mServer is running on port[39m
2023-02-06 00:07:14:714 [37mdebug[39m: [37mServer is running on port[39m
2023-02-06 00:08:14:814 [37mdebug[39m: [37mServer is running on port[39m
2023-02-06 00:26:44:2644 [37mdebug[39m: [37mServer is running on port[39m
2023-02-06 00:27:08:278 [37mdebug[39m: [37mServer is running on port[39m
2023-02-06 00:27:19:2719 [35mhttp[39m: [35mGET /api/logger 404 149 - 2.235 ms[39m
[35m[39m
2023-02-06 00:27:29:2729 [35mhttp[39m: [35mGET /api/ping 200 18 - 2.312 ms[39m
[35m[39m
2023-02-06 00:40:18:4018 [37mdebug[39m: [37mServer is running on port[39m
2023-02-06 00:42:00:420 [37mdebug[39m: [37mserver started at http://localhost:8080[39m
2023-02-06 00:43:00:430 [37mdebug[39m: [37mserver started at http://localhost:8000[39m
2023-02-06 00:44:08:448 [35mhttp[39m: [35mGET /api/ping 200 18 - 6.166 ms[39m
[35m[39m
2023-02-06 00:44:08:448 [35mhttp[39m: [35mGET /favicon.ico 204 - - 0.827 ms[39m
[35m[39m
2023-02-06 00:44:17:4417 [35mhttp[39m: [35mGET /docs 301 175 - 1.203 ms[39m
[35m[39m
2023-02-06 00:44:17:4417 [35mhttp[39m: [35mGET /docs/ 200 3103 - 1.115 ms[39m
[35m[39m
2023-02-06 00:44:17:4417 [35mhttp[39m: [35mGET /docs/swagger-ui-init.js 200 1082 - 0.259 ms[39m
[35m[39m
2023-02-06 00:44:17:4417 [35mhttp[39m: [35mGET /docs/swagger-ui.css 200 144966 - 8.863 ms[39m
[35m[39m
2023-02-06 00:44:17:4417 [35mhttp[39m: [35mGET /docs/swagger-ui-standalone-preset.js 200 312217 - 4.899 ms[39m
[35m[39m
2023-02-06 00:44:17:4417 [35mhttp[39m: [35mGET /docs/swagger-ui-bundle.js 200 1061579 - 5.466 ms[39m
[35m[39m
2023-02-06 00:44:17:4417 [35mhttp[39m: [35mGET /docs/favicon-32x32.png 200 628 - 1.256 ms[39m
[35m[39m
2023-02-06 00:47:31:4731 [35mhttp[39m: [35mGET /ping 404 143 - 9.518 ms[39m
[35m[39m
2023-02-06 00:49:25:4925 [37mdebug[39m: [37mserver started at http://localhost:8000[39m
2023-02-06 00:49:30:4930 [35mhttp[39m: [35mGET /docs/ 304 - - 3.100 ms[39m
[35m[39m
2023-02-06 00:49:30:4930 [35mhttp[39m: [35mGET /docs/swagger-ui.css 304 - - 1.117 ms[39m
[35m[39m
2023-02-06 00:49:30:4930 [35mhttp[39m: [35mGET /docs/swagger-ui-bundle.js 304 - - 0.805 ms[39m
[35m[39m
2023-02-06 00:49:30:4930 [35mhttp[39m: [35mGET /docs/swagger-ui-standalone-preset.js 304 - - 1.406 ms[39m
[35m[39m
2023-02-06 00:49:30:4930 [35mhttp[39m: [35mGET /docs/swagger-ui-init.js 304 - - 0.205 ms[39m
[35m[39m
2023-02-06 00:49:30:4930 [35mhttp[39m: [35mGET /docs/favicon-32x32.png 304 - - 0.482 ms[39m
[35m[39m
2023-02-06 00:49:38:4938 [35mhttp[39m: [35mGET /ping 404 143 - 0.809 ms[39m
[35m[39m
2023-02-06 00:50:17:5017 [35mhttp[39m: [35mGET /ping 404 143 - 0.727 ms[39m
[35m[39m
2023-02-06 00:50:54:5054 [37mdebug[39m: [37mserver started at http://localhost:8000[39m
2023-02-06 00:51:02:512 [35mhttp[39m: [35mGET /docs/ 304 - - 2.644 ms[39m
[35m[39m
2023-02-06 00:51:02:512 [35mhttp[39m: [35mGET /docs/swagger-ui.css 304 - - 0.838 ms[39m
[35m[39m
2023-02-06 00:51:02:512 [35mhttp[39m: [35mGET /docs/swagger-ui-bundle.js 304 - - 0.643 ms[39m
[35m[39m
2023-02-06 00:51:02:512 [35mhttp[39m: [35mGET /docs/swagger-ui-standalone-preset.js 304 - - 1.427 ms[39m
[35m[39m
2023-02-06 00:51:02:512 [35mhttp[39m: [35mGET /docs/swagger-ui-init.js 304 - - 0.204 ms[39m
[35m[39m
2023-02-06 00:51:02:512 [35mhttp[39m: [35mGET /docs/favicon-32x32.png 304 - - 0.236 ms[39m
[35m[39m
2023-02-06 00:51:07:517 [35mhttp[39m: [35mGET /ping 404 143 - 0.787 ms[39m
[35m[39m
2023-02-06 00:53:03:533 [35mhttp[39m: [35mGET /ping 404 143 - 0.379 ms[39m
[35m[39m
2023-02-06 00:53:13:5313 [35mhttp[39m: [35mGET /api/ping 304 - - 0.996 ms[39m
[35m[39m
2023-02-06 00:53:13:5313 [35mhttp[39m: [35mGET /favicon.ico 204 - - 0.267 ms[39m
[35m[39m
2023-02-06 00:54:22:5422 [37mdebug[39m: [37mserver started at http://localhost:8000[39m
2023-02-06 01:03:53:353 [37mdebug[39m: [37mserver started at http://localhost:8000[39m
2023-02-06 01:05:50:550 [35mhttp[39m: [35mGET /docs/ 200 3044 - 3.945 ms[39m
[35m[39m
2023-02-06 01:05:50:550 [35mhttp[39m: [35mGET /docs/swagger-ui.css 304 - - 1.152 ms[39m
[35m[39m
2023-02-06 01:05:50:550 [35mhttp[39m: [35mGET /docs/swagger-ui-bundle.js 304 - - 0.942 ms[39m
[35m[39m
2023-02-06 01:05:50:550 [35mhttp[39m: [35mGET /docs/swagger-ui-standalone-preset.js 304 - - 1.739 ms[39m
[35m[39m
2023-02-06 01:05:50:550 [35mhttp[39m: [35mGET /docs/swagger-ui-init.js 304 - - 0.658 ms[39m
[35m[39m
2023-02-06 01:09:11:911 [37mdebug[39m: [37mserver started at http://localhost:8000[39m
2023-02-06 01:10:45:1045 [37mdebug[39m: [37mserver started at http://localhost:8000[39m
2023-02-06 01:11:59:1159 [37mdebug[39m: [37mserver started at http://localhost:8000[39m
2023-02-06 01:13:15:1315 [37mdebug[39m: [37mserver started at http://localhost:8000[39m
2023-02-06 01:17:33:1733 [37mdebug[39m: [37mserver started at http://localhost:8000[39m
2023-02-06 01:31:54:3154 [37mdebug[39m: [37mserver started at http://localhost:8000[39m
2023-02-06 01:32:30:3230 [37mdebug[39m: [37mserver started at http://localhost:8000[39m
2023-02-06 01:33:21:3321 [37mdebug[39m: [37mserver started at http://localhost:8000[39m
2023-02-06 01:33:30:3330 [35mhttp[39m: [35mGET /docs/ 200 3103 - 2.828 ms[39m
[35m[39m
2023-02-06 01:33:31:3331 [35mhttp[39m: [35mGET /docs/swagger-ui.css 304 - - 1.069 ms[39m
[35m[39m
2023-02-06 01:33:31:3331 [35mhttp[39m: [35mGET /docs/swagger-ui-bundle.js 304 - - 0.410 ms[39m
[35m[39m
2023-02-06 01:33:31:3331 [35mhttp[39m: [35mGET /docs/swagger-ui-standalone-preset.js 304 - - 0.650 ms[39m
[35m[39m
2023-02-06 01:33:31:3331 [35mhttp[39m: [35mGET /docs/swagger-ui-init.js 200 1687 - 0.274 ms[39m
[35m[39m
2023-02-06 01:33:31:3331 [35mhttp[39m: [35mGET /docs/favicon-32x32.png 304 - - 0.287 ms[39m
[35m[39m
2023-02-06 01:34:04:344 [37mdebug[39m: [37mserver started at http://localhost:8000[39m
2023-02-06 01:34:07:347 [35mhttp[39m: [35mGET /docs/ 304 - - 2.845 ms[39m
[35m[39m
2023-02-06 01:34:07:347 [35mhttp[39m: [35mGET /docs/swagger-ui.css 304 - - 1.078 ms[39m
[35m[39m
2023-02-06 01:34:07:347 [35mhttp[39m: [35mGET /docs/swagger-ui-bundle.js 304 - - 1.280 ms[39m
[35m[39m
2023-02-06 01:34:07:347 [35mhttp[39m: [35mGET /docs/swagger-ui-standalone-preset.js 304 - - 1.285 ms[39m
[35m[39m
2023-02-06 01:34:07:347 [35mhttp[39m: [35mGET /docs/swagger-ui-init.js 200 1687 - 0.406 ms[39m
[35m[39m
2023-02-06 01:34:07:347 [35mhttp[39m: [35mGET /docs/favicon-32x32.png 304 - - 0.325 ms[39m
[35m[39m
2023-02-06 01:34:52:3452 [37mdebug[39m: [37mserver started at http://localhost:8000[39m
2023-02-06 01:34:55:3455 [35mhttp[39m: [35mGET /docs/ 304 - - 2.651 ms[39m
[35m[39m
2023-02-06 01:34:55:3455 [35mhttp[39m: [35mGET /docs/swagger-ui.css 304 - - 1.051 ms[39m
[35m[39m
2023-02-06 01:34:55:3455 [35mhttp[39m: [35mGET /docs/swagger-ui-bundle.js 304 - - 1.009 ms[39m
[35m[39m
2023-02-06 01:34:55:3455 [35mhttp[39m: [35mGET /docs/swagger-ui-standalone-preset.js 304 - - 1.477 ms[39m
[35m[39m
2023-02-06 01:34:55:3455 [35mhttp[39m: [35mGET /docs/swagger-ui-init.js 200 1082 - 0.326 ms[39m
[35m[39m
2023-02-06 01:34:55:3455 [35mhttp[39m: [35mGET /docs/favicon-32x32.png 304 - - 0.320 ms[39m
[35m[39m
2023-02-06 01:35:25:3525 [37mdebug[39m: [37mserver started at http://localhost:8000[39m
2023-02-06 01:35:53:3553 [37mdebug[39m: [37mserver started at http://localhost:8000[39m
2023-02-06 01:39:05:395 [35mhttp[39m: [35mGET /docs/ 304 - - 13.569 ms[39m
[35m[39m
2023-02-06 01:39:05:395 [35mhttp[39m: [35mGET /docs/swagger-ui.css 304 - - 1.142 ms[39m
[35m[39m
2023-02-06 01:39:05:395 [35mhttp[39m: [35mGET /docs/swagger-ui-bundle.js 304 - - 2.473 ms[39m
[35m[39m
2023-02-06 01:39:05:395 [35mhttp[39m: [35mGET /docs/swagger-ui-init.js 304 - - 0.284 ms[39m
[35m[39m
2023-02-06 01:39:05:395 [35mhttp[39m: [35mGET /docs/swagger-ui-standalone-preset.js 304 - - 4.480 ms[39m
[35m[39m
2023-02-06 01:39:05:395 [35mhttp[39m: [35mGET /docs/favicon-32x32.png 304 - - 0.373 ms[39m
[35m[39m
2023-02-06 01:39:14:3914 [35mhttp[39m: [35mGET /api/ping 304 - - 1.035 ms[39m
[35m[39m
2023-02-06 01:40:22:4022 [37mdebug[39m: [37mserver started at http://localhost:8000[39m
2023-02-06 01:41:03:413 [37mdebug[39m: [37mserver started at http://localhost:8000[39m
2023-02-06 01:41:16:4116 [37mdebug[39m: [37mserver started at http://localhost:8000[39m
2023-02-06 01:41:21:4121 [35mhttp[39m: [35mGET /api/ping 304 - - 3.024 ms[39m
[35m[39m
